<?xml version="1.0" encoding="UTF-8"?>
<!-- Generated by org.testng.reporters.JUnitReportReporter -->
<testsuite hostname="LAPTOP-IDB23VB0" failures="0" tests="1" name="testCases.TC__006__ContactUs" time="14.593" errors="0" timestamp="2023-10-19T13:57:04 IST" skipped="0">
  <testcase classname="testCases.TC__006__ContactUs" name="Test__ContactUs" time="14.593"/>
</testsuite> <!-- testCases.TC__006__ContactUs -->
