<?xml version="1.0" encoding="UTF-8"?>
<!-- Generated by org.testng.reporters.JUnitReportReporter -->
<testsuite hostname="LAPTOP-IDB23VB0" failures="0" tests="1" name="testCases.TC__005__RegisterUserWithExistingEmail" time="2.583" errors="0" timestamp="2023-10-19T13:57:04 IST" skipped="0">
  <testcase classname="testCases.TC__005__RegisterUserWithExistingEmail" name="Test__RegisterUserWithExistingEmail" time="2.583"/>
</testsuite> <!-- testCases.TC__005__RegisterUserWithExistingEmail -->
