<?xml version="1.0" encoding="UTF-8"?>
<!-- Generated by org.testng.reporters.JUnitReportReporter -->
<testsuite hostname="LAPTOP-IDB23VB0" failures="0" tests="10" name="testCases.TC__001__LoginTest" time="154.785" errors="0" timestamp="2023-01-21T18:16:02 IST" skipped="0">
  <testcase classname="testCases.TC__001__LoginTest" name="Test___Login" time="18.059"/>
  <system-out/>
  <testcase classname="testCases.TC__001__LoginTest" name="Test___Login" time="14.633"/>
  <system-out/>
  <testcase classname="testCases.TC__001__LoginTest" name="Test___Login" time="12.918"/>
  <system-out/>
  <testcase classname="testCases.TC__001__LoginTest" name="Test___Login" time="14.426"/>
  <system-out/>
  <testcase classname="testCases.TC__001__LoginTest" name="Test___Login" time="14.230"/>
  <system-out/>
  <testcase classname="testCases.TC__001__LoginTest" name="Test___Login" time="15.068"/>
  <system-out/>
  <testcase classname="testCases.TC__001__LoginTest" name="Test___Login" time="14.171"/>
  <system-out/>
  <testcase classname="testCases.TC__001__LoginTest" name="Test___Login" time="15.407"/>
  <system-out/>
  <testcase classname="testCases.TC__001__LoginTest" name="Test___Login" time="21.191"/>
  <system-out/>
  <testcase classname="testCases.TC__001__LoginTest" name="Test___Login" time="14.682"/>
  <system-out/>
</testsuite> <!-- testCases.TC__001__LoginTest -->
