<?xml version="1.0" encoding="UTF-8"?>
<!-- Generated by org.testng.reporters.JUnitReportReporter -->
<testsuite hostname="LAPTOP-IDB23VB0" failures="0" tests="1" name="testCases.TC__03_ContactUs" time="9.622" errors="0" timestamp="2023-01-28T16:37:13 IST" skipped="0">
  <testcase classname="testCases.TC__03_ContactUs" name="Test__ContactUs" time="9.622"/>
  <system-out/>
</testsuite> <!-- testCases.TC__03_ContactUs -->
