<?xml version="1.0" encoding="UTF-8"?>
<!-- Generated by org.testng.reporters.JUnitReportReporter -->
<testsuite hostname="LAPTOP-IDB23VB0" failures="0" tests="1" name="testCases.TC__04_LogoutUser" time="10.865" errors="0" timestamp="2023-03-01T21:48:29 IST" skipped="0">
  <testcase classname="testCases.TC__04_LogoutUser" name="Test__Logout" time="10.865"/>
  <system-out/>
</testsuite> <!-- testCases.TC__04_LogoutUser -->
