<?xml version="1.0" encoding="UTF-8"?>
<!-- Generated by org.testng.reporters.JUnitReportReporter -->
<testsuite hostname="LAPTOP-IDB23VB0" failures="0" tests="1" name="testCases.TC__012__ProductQuantityInCart" time="6.413" errors="0" timestamp="2023-10-19T14:02:28 IST" skipped="0">
  <testcase classname="testCases.TC__012__ProductQuantityInCart" name="Test___ProductQuantity" time="6.413"/>
</testsuite> <!-- testCases.TC__012__ProductQuantityInCart -->
