<?xml version="1.0" encoding="UTF-8"?>
<!-- Generated by org.testng.reporters.JUnitReportReporter -->
<testsuite hostname="LAPTOP-IDB23VB0" failures="0" tests="1" name="testCases.TC__011__AddToCart" time="20.917" errors="0" timestamp="2023-03-07T21:12:26 IST" skipped="0">
  <testcase classname="testCases.TC__011__AddToCart" name="Test__AddToCart" time="20.917"/>
  <system-out/>
</testsuite> <!-- testCases.TC__011__AddToCart -->
