<?xml version="1.0" encoding="UTF-8"?>
<!-- Generated by org.testng.reporters.JUnitReportReporter -->
<testsuite hostname="LAPTOP-IDB23VB0" failures="0" tests="1" name="testCases.TC__007__TestCases" time="2.066" errors="0" timestamp="2023-10-19T13:57:04 IST" skipped="0">
  <testcase classname="testCases.TC__007__TestCases" name="Test__TestCases" time="2.066"/>
</testsuite> <!-- testCases.TC__007__TestCases -->
