<?xml version="1.0" encoding="UTF-8"?>
<!-- Generated by org.testng.reporters.JUnitReportReporter -->
<testsuite hostname="LAPTOP-IDB23VB0" failures="0" tests="1" name="testCases.TC__004__LogoutUser" time="47.334" errors="0" timestamp="2023-10-19T13:57:04 IST" skipped="0">
  <testcase classname="testCases.TC__004__LogoutUser" name="Test__Logout" time="47.334"/>
</testsuite> <!-- testCases.TC__004__LogoutUser -->
